build/app/outputs/mapping/release/mapping.txt
# compiler: R8
# compiler_version: 1.5.64
# min_api: 21
# pg_map_id: 482d152
...
io.flutter.plugins.camera.CameraPermissions$CameraRequestPermissionsListener -> io.flutter.plugins.a.h$a:
    io.flutter.plugins.camera.CameraPermissions$ResultCallback callback -> b
    boolean alreadyCalled -> a
    boolean onRequestPermissionsResult(int,java.lang.String[],int[]) -> a
io.flutter.plugins.camera.CameraPermissions$PermissionsRegistry -> io.flutter.plugins.a.h$b:
    void addListener(io.flutter.plugin.common.PluginRegistry$RequestPermissionsResultListener) -> a
io.flutter.plugins.camera.CameraPermissions$ResultCallback -> io.flutter.plugins.a.h$c:
    void onResult(java.lang.String,java.lang.String) -> a
io.flutter.plugins.camera.CameraPlugin -> io.flutter.plugins.a.i:
    io.flutter.embedding.engine.plugins.FlutterPlugin$FlutterPluginBinding flutterPluginBinding -> a
    io.flutter.plugins.camera.MethodCallHandlerImpl methodCallHandler -> b
    void maybeStartListening(android.app.Activity,io.flutter.plugin.common.BinaryMessenger,io.flutter.plugins.camera.CameraPermissions$PermissionsRegistry,io.flutter.view.TextureRegistry) -> a
    void onAttachedToActivity(io.flutter.embedding.engine.plugins.activity.ActivityPluginBinding) -> a
    void onDetachedFromActivity() -> a
    void onDetachedFromEngine(io.flutter.embedding.engine.plugins.FlutterPlugin$FlutterPluginBinding) -> a
    void onAttachedToEngine(io.flutter.embedding.engine.plugins.FlutterPlugin$FlutterPluginBinding) -> b
    void onDetachedFromActivityForConfigChanges() -> b
    void onReattachedToActivityForConfigChanges(io.flutter.embedding.engine.plugins.activity.ActivityPluginBinding) -> b
io.flutter.plugins.camera.CameraUtils -> io.flutter.plugins.a.j:
    android.util.Size computeBestPreviewSize(java.lang.String,io.flutter.plugins.camera.Camera$ResolutionPreset) -> a
    java.util.List getAvailableCameras(android.app.Activity) -> a
    android.media.CamcorderProfile getBestAvailableCamcorderProfileForResolutionPreset(java.lang.String,io.flutter.plugins.camera.Camera$ResolutionPreset) -> b
io.flutter.plugins.camera.CameraUtils$1 -> io.flutter.plugins.a.j$a:
    int[] $SwitchMap$io$flutter$plugins$camera$Camera$ResolutionPreset -> a
io.flutter.plugins.camera.DartMessenger -> io.flutter.plugins.a.k:
    io.flutter.plugin.common.EventChannel$EventSink eventSink -> a
    io.flutter.plugin.common.EventChannel$EventSink access$002(io.flutter.plugins.camera.DartMessenger,io.flutter.plugin.common.EventChannel$EventSink) -> a
    void send(io.flutter.plugins.camera.DartMessenger$EventType,java.lang.String) -> a
    void sendCameraClosingEvent() -> a
io.flutter.plugins.camera.DartMessenger$1 -> io.flutter.plugins.a.k$a:
    io.flutter.plugins.camera.DartMessenger this$0 -> a
    void onCancel(java.lang.Object) -> a
    void onListen(java.lang.Object,io.flutter.plugin.common.EventChannel$EventSink) -> a
io.flutter.plugins.camera.DartMessenger$EventType -> io.flutter.plugins.a.k$b:
    io.flutter.plugins.camera.DartMessenger$EventType[] $VALUES -> c
    io.flutter.plugins.camera.DartMessenger$EventType CAMERA_CLOSING -> b
    io.flutter.plugins.camera.DartMessenger$EventType ERROR -> a